<?xml version="1.0" encoding="UTF-8"?>
<!-- Generated by org.testng.reporters.JUnitXMLReporter -->
<testsuite ignored="0" hostname="DESKTOP-JFB3BKU" failures="0" tests="5" name="Default test" time="22.058" errors="0" timestamp="2025-01-26T01:12:41 IST">
  <testcase classname="Test.NavigateURL" name="TestURL" time="4.055"/>
  <testcase classname="Test.HealthPrograms" name="QuitTobacco" time="2.137"/>
  <testcase classname="Test.HealthPrograms" name="HEALTHY_AGING_PROGRAMS" time="3.592"/>
  <testcase classname="Test.HealthPrograms" name="HEALTH_INSURANCE" time="7.305"/>
  <testcase classname="Test.HealthPrograms" name="AHEC_SCHOLARS" time="4.53"/>
</testsuite> <!-- Default test -->
