<?xml version="1.0" encoding="UTF-8"?>
<!-- Generated by org.testng.reporters.JUnitXMLReporter -->
<testsuite ignored="5" hostname="DESKTOP-JFB3BKU" failures="0" tests="0" name="AboutSectionTests" time="0.025" errors="0" timestamp="2025-01-22T00:49:29 IST">
  <testcase classname="Test.ValidateAboutSection" name="Validating_History_Of_AHEC_Link" time="0.0">
    <ignored/>
  </testcase> <!-- Validating_History_Of_AHEC_Link -->
  <testcase classname="Test.ValidateAboutSection" name="Validating_Partners_Link" time="0.0">
    <ignored/>
  </testcase> <!-- Validating_Partners_Link -->
  <testcase classname="Test.ValidateAboutSection" name="Validating_Work_With_US_Link" time="0.0">
    <ignored/>
  </testcase> <!-- Validating_Work_With_US_Link -->
  <testcase classname="Test.ValidateAboutSection" name="Validating_Staff_Link" time="0.0">
    <ignored/>
  </testcase> <!-- Validating_Staff_Link -->
  <testcase classname="Test.BaseClass" name="TestURL" time="0.0">
    <ignored/>
  </testcase> <!-- TestURL -->
</testsuite> <!-- AboutSectionTests -->
