<?xml version="1.0" encoding="UTF-8"?>
<!-- Generated by org.testng.reporters.JUnitXMLReporter -->
<testsuite ignored="0" hostname="DESKTOP-JFB3BKU" failures="0" tests="9" name="CartFeatures" time="42.495" errors="0" timestamp="2025-01-25T13:29:00 IST">
  <testcase classname="Test.NavigateURL" name="TestURL" time="8.41"/>
  <testcase classname="Test.CheckCartFeature" name="GotoShop" time="4.239"/>
  <testcase classname="Test.CheckCartFeature" name="GotoBooks" time="7.394"/>
  <testcase classname="Test.CheckCartFeature" name="VerifyBookdetails" time="6.891"/>
  <testcase classname="Test.CheckCartFeature" name="VerifyPlusButtonFunc" time="1.495"/>
  <testcase classname="Test.CheckCartFeature" name="VerifyMinusButtonFunc" time="0.366"/>
  <testcase classname="Test.CheckCartFeature" name="Gotocart" time="11.792"/>
  <testcase classname="Test.CheckCartFeature" name="CheckCartItemCount" time="0.632"/>
  <testcase classname="Test.CheckCartFeature" name="CheckSubTotal" time="0.477"/>
</testsuite> <!-- CartFeatures -->
