<?xml version="1.0" encoding="UTF-8"?>
<!-- Generated by org.testng.reporters.JUnitXMLReporter -->
<testsuite ignored="0" hostname="DESKTOP-JFB3BKU" failures="0" tests="3" name="CrossbrowserTest" time="34.444" errors="0" timestamp="2025-01-25T11:23:36 IST">
  <testcase classname="Test.CrossBrowser_Compatibility" name="ChromeTest" time="27.222"/>
  <testcase classname="Test.CrossBrowser_Compatibility" name="EdgeTest" time="32.635"/>
  <testcase classname="Test.CrossBrowser_Compatibility" name="FirefoxTest" time="34.311"/>
</testsuite> <!-- CrossbrowserTest -->
