<?xml version="1.0" encoding="UTF-8"?>
<!-- Generated by org.testng.reporters.JUnitXMLReporter -->
<testsuite ignored="0" hostname="DESKTOP-JFB3BKU" failures="0" tests="3" name="FormValidation" time="15.868" errors="0" timestamp="2025-01-24T09:58:23 IST">
  <testcase classname="Test.NavigateURL" name="TestURL" time="5.878"/>
  <testcase classname="Test.FormValidation" name="Validating_Healthy_Aging_Link" time="3.855"/>
  <testcase classname="Test.FormValidation" name="ValidateFormFeature" time="5.608"/>
</testsuite> <!-- FormValidation -->
