<?xml version="1.0" encoding="UTF-8"?>
<!-- Generated by org.testng.reporters.JUnitXMLReporter -->
<testsuite ignored="10" hostname="DESKTOP-JFB3BKU" failures="0" tests="3" name="RequiredTests" time="8.196" errors="0" timestamp="2025-01-22T02:16:43 IST">
  <testcase classname="Test.NavigateURL" name="TestURL" time="5.108"/>
  <testcase classname="Test.ValidateAboutSection" name="Validating_Board_Of_Directors_Link" time="2.203"/>
  <testcase classname="Test.ValidatePostTitles" name="Validate_Post_Titles" time="0.726"/>
  <testcase classname="Test.NavigateURL" name="TestURL" time="0.0">
    <ignored/>
  </testcase> <!-- TestURL -->
  <testcase classname="Test.BaseClass" name="@BeforeSuite setup" time="0.0">
    <ignored/>
  </testcase> <!-- @BeforeSuite setup -->
  <testcase classname="Test.ValidateAboutSection" name="Validating_Work_With_US_Link" time="0.0">
    <ignored/>
  </testcase> <!-- Validating_Work_With_US_Link -->
  <testcase classname="Test.NavigateURL" name="TestURL" time="0.0">
    <ignored/>
  </testcase> <!-- TestURL -->
  <testcase classname="Test.ValidateAboutSection" name="Validating_History_Of_AHEC_Link" time="0.0">
    <ignored/>
  </testcase> <!-- Validating_History_Of_AHEC_Link -->
  <testcase classname="Test.BaseClass" name="@BeforeSuite setup" time="0.0">
    <ignored/>
  </testcase> <!-- @BeforeSuite setup -->
  <testcase classname="Test.ValidateAboutSection" name="Validating_Staff_Link" time="0.0">
    <ignored/>
  </testcase> <!-- Validating_Staff_Link -->
  <testcase classname="Test.BaseClass" name="@AfterSuite tearDown" time="0.0">
    <ignored/>
  </testcase> <!-- @AfterSuite tearDown -->
  <testcase classname="Test.ValidateAboutSection" name="Validating_Partners_Link" time="0.0">
    <ignored/>
  </testcase> <!-- Validating_Partners_Link -->
  <testcase classname="Test.BaseClass" name="@AfterSuite tearDown" time="0.0">
    <ignored/>
  </testcase> <!-- @AfterSuite tearDown -->
</testsuite> <!-- RequiredTests -->
