<?xml version="1.0" encoding="UTF-8"?>
<!-- Generated by org.testng.reporters.JUnitXMLReporter -->
<testsuite ignored="2" hostname="DESKTOP-JFB3BKU" failures="0" tests="2" name="Test" time="11.78" errors="0" timestamp="2025-01-25T11:37:05 IST">
  <testcase classname="Test.NavigateURL" name="TestURL" time="7.206"/>
  <testcase classname="Test.Validate_AccountLink" name="Loading_AccountLink" time="4.182"/>
  <testcase classname="Test.Validate_AccountLink" name="CorrectLoginValidation" time="0.0">
    <ignored/>
  </testcase> <!-- CorrectLoginValidation -->
  <testcase classname="Test.Validate_AccountLink" name="WrongLoginValidation" time="0.0">
    <ignored/>
  </testcase> <!-- WrongLoginValidation -->
</testsuite> <!-- Test -->
