<?xml version="1.0" encoding="UTF-8"?>
<!-- Generated by org.testng.reporters.JUnitXMLReporter -->
<testsuite ignored="0" hostname="DESKTOP-JFB3BKU" failures="0" tests="6" name="Validating_Nav_Links" time="32.876" errors="0" timestamp="2025-01-22T17:50:13 IST">
  <testcase classname="Test.NavigateURL" name="TestURL" time="7.997"/>
  <testcase classname="Test.ValidateAboutSection" name="Validating_Board_Of_Directors_Link" time="3.43"/>
  <testcase classname="Test.ValidateAboutSection" name="Validating_Staff_Link" time="3.019"/>
  <testcase classname="Test.ValidateAboutSection" name="Validating_Partners_Link" time="4.036"/>
  <testcase classname="Test.ValidateAboutSection" name="Validating_Work_With_US_Link" time="4.628"/>
  <testcase classname="Test.ValidateAboutSection" name="Validating_History_Of_AHEC_Link" time="9.504"/>
</testsuite> <!-- Validating_Nav_Links -->
