<?xml version="1.0" encoding="UTF-8"?>
<testng-results ignored="0" total="5" passed="5" failed="0" skipped="0">
  <reporter-output>
  </reporter-output>
  <suite started-at="2025-01-26T01:12:19 IST" name="Default suite" finished-at="2025-01-26T01:12:41 IST" duration-ms="22058">
    <groups>
      <group name="Homepage">
        <method signature="NavigateURL.TestURL()[pri:0, instance:Test.HealthPrograms@2bdd8394]" name="TestURL" class="Test.NavigateURL"/>
      </group> <!-- Homepage -->
      <group name="HealthPrograms">
        <method signature="HealthPrograms.QuitTobacco()[pri:1, instance:Test.HealthPrograms@2bdd8394]" name="QuitTobacco" class="Test.HealthPrograms"/>
        <method signature="HealthPrograms.HEALTHY_AGING_PROGRAMS()[pri:2, instance:Test.HealthPrograms@2bdd8394]" name="HEALTHY_AGING_PROGRAMS" class="Test.HealthPrograms"/>
        <method signature="HealthPrograms.HEALTH_INSURANCE()[pri:3, instance:Test.HealthPrograms@2bdd8394]" name="HEALTH_INSURANCE" class="Test.HealthPrograms"/>
        <method signature="HealthPrograms.AHEC_SCHOLARS()[pri:4, instance:Test.HealthPrograms@2bdd8394]" name="AHEC_SCHOLARS" class="Test.HealthPrograms"/>
      </group> <!-- HealthPrograms -->
      <group name="URL">
        <method signature="NavigateURL.TestURL()[pri:0, instance:Test.HealthPrograms@2bdd8394]" name="TestURL" class="Test.NavigateURL"/>
      </group> <!-- URL -->
    </groups>
    <test started-at="2025-01-26T01:12:19 IST" name="Default test" finished-at="2025-01-26T01:12:41 IST" duration-ms="22058">
      <class name="Test.HealthPrograms">
        <test-method is-config="true" signature="setup()[pri:0, instance:Test.HealthPrograms@2bdd8394]" started-at="2025-01-26T01:12:16 IST" name="setup" finished-at="2025-01-26T01:12:19 IST" duration-ms="2923" status="PASS">
          <reporter-output>
          </reporter-output>
        </test-method> <!-- setup -->
        <test-method signature="TestURL()[pri:0, instance:Test.HealthPrograms@2bdd8394]" started-at="2025-01-26T01:12:19 IST" name="TestURL" finished-at="2025-01-26T01:12:23 IST" duration-ms="4055" status="PASS">
          <reporter-output>
          </reporter-output>
        </test-method> <!-- TestURL -->
        <test-method signature="QuitTobacco()[pri:1, instance:Test.HealthPrograms@2bdd8394]" started-at="2025-01-26T01:12:23 IST" name="QuitTobacco" finished-at="2025-01-26T01:12:25 IST" duration-ms="2137" status="PASS">
          <reporter-output>
          </reporter-output>
        </test-method> <!-- QuitTobacco -->
        <test-method signature="HEALTHY_AGING_PROGRAMS()[pri:2, instance:Test.HealthPrograms@2bdd8394]" started-at="2025-01-26T01:12:25 IST" name="HEALTHY_AGING_PROGRAMS" finished-at="2025-01-26T01:12:29 IST" duration-ms="3592" status="PASS">
          <reporter-output>
          </reporter-output>
        </test-method> <!-- HEALTHY_AGING_PROGRAMS -->
        <test-method signature="HEALTH_INSURANCE()[pri:3, instance:Test.HealthPrograms@2bdd8394]" started-at="2025-01-26T01:12:29 IST" name="HEALTH_INSURANCE" finished-at="2025-01-26T01:12:36 IST" duration-ms="7305" status="PASS">
          <reporter-output>
          </reporter-output>
        </test-method> <!-- HEALTH_INSURANCE -->
        <test-method signature="AHEC_SCHOLARS()[pri:4, instance:Test.HealthPrograms@2bdd8394]" started-at="2025-01-26T01:12:36 IST" name="AHEC_SCHOLARS" finished-at="2025-01-26T01:12:41 IST" duration-ms="4530" status="PASS">
          <reporter-output>
          </reporter-output>
        </test-method> <!-- AHEC_SCHOLARS -->
        <test-method is-config="true" signature="tearDown()[pri:0, instance:Test.HealthPrograms@2bdd8394]" started-at="2025-01-26T01:12:41 IST" name="tearDown" finished-at="2025-01-26T01:12:42 IST" duration-ms="486" status="PASS">
          <reporter-output>
          </reporter-output>
        </test-method> <!-- tearDown -->
      </class> <!-- Test.HealthPrograms -->
    </test> <!-- Default test -->
  </suite> <!-- Default suite -->
</testng-results>
