<?xml version="1.0" encoding="UTF-8"?>
<!-- Generated by org.testng.reporters.JUnitXMLReporter -->
<testsuite ignored="20" hostname="DESKTOP-JFB3BKU" failures="0" tests="27" name="Testing Homepage Nav Links" time="87.834" errors="0" timestamp="2025-01-25T22:34:49 IST">
  <testcase classname="Test.NavigateURL" name="TestURL" time="8.742"/>
  <testcase classname="Test.NavigateURL" name="TestURL" time="2.383"/>
  <testcase classname="Test.ValidateAboutSection" name="Validating_Board_Of_Directors_Link" time="2.881"/>
  <testcase classname="Test.ValidateAboutSection" name="Validating_Staff_Link" time="2.344"/>
  <testcase classname="Test.ValidateAboutSection" name="Validating_Partners_Link" time="3.159"/>
  <testcase classname="Test.ValidateAboutSection" name="Validating_Work_With_US_Link" time="4.046"/>
  <testcase classname="Test.ValidateAboutSection" name="Validating_History_Of_AHEC_Link" time="4.726"/>
  <testcase classname="Test.NavigateURL" name="TestURL" time="1.997"/>
  <testcase classname="Test.Validate_CPR_Links" name="Validating_Shop_Link" time="2.595"/>
  <testcase classname="Test.Validate_CPR_Links" name="Validating_Books_Link" time="3.213"/>
  <testcase classname="Test.Validate_CPR_Links" name="Validating_Cards_Link" time="2.175"/>
  <testcase classname="Test.Validate_CPR_Links" name="Validating_Rentals_Link" time="1.787"/>
  <testcase classname="Test.Validate_CPR_Links" name="Validating_CPRClasses_Link" time="2.164"/>
  <testcase classname="Test.NavigateURL" name="TestURL" time="1.605"/>
  <testcase classname="Test.Validate_Service_Links" name="Validating_CommunityEducation_Link" time="2.905"/>
  <testcase classname="Test.Validate_Service_Links" name="Validating_ContinuingEducation_Link" time="2.383"/>
  <testcase classname="Test.NavigateURL" name="TestURL" time="1.963"/>
  <testcase classname="Test.Validate_NEWSPage_Link" name="Loading_NEWS_Section" time="2.767"/>
  <testcase classname="Test.NavigateURL" name="TestURL" time="1.433"/>
  <testcase classname="Test.Validate_AccountLink" name="Loading_AccountLink" time="6.627"/>
  <testcase classname="Test.NavigateURL" name="TestURL" time="1.941"/>
  <testcase classname="Test.Validate_ContactUs_Link" name="Loading_ContactUS_Section" time="2.295"/>
  <testcase classname="Test.NavigateURL" name="TestURL" time="1.467"/>
  <testcase classname="Test.Validate_Program_Section" name="Validating_Tobacco_Link" time="2.045"/>
  <testcase classname="Test.Validate_Program_Section" name="Validating_AHECScholars_Link" time="3.726"/>
  <testcase classname="Test.Validate_Program_Section" name="Validating_Healthy_Aging_Link" time="4.285"/>
  <testcase classname="Test.Validate_Program_Section" name="Validating_Navigators_Link" time="9.76"/>
  <testcase classname="Test.BaseClass" name="@BeforeSuite setup" time="0.0">
    <ignored/>
  </testcase> <!-- @BeforeSuite setup -->
  <testcase classname="Test.BaseClass" name="@BeforeSuite setup" time="0.0">
    <ignored/>
  </testcase> <!-- @BeforeSuite setup -->
  <testcase classname="Test.BaseClass" name="@AfterSuite tearDown" time="0.0">
    <ignored/>
  </testcase> <!-- @AfterSuite tearDown -->
  <testcase classname="Test.BaseClass" name="@BeforeSuite setup" time="0.0">
    <ignored/>
  </testcase> <!-- @BeforeSuite setup -->
  <testcase classname="Test.ValidateAboutSection" name="Validate_Post_Titles" time="0.0">
    <ignored/>
  </testcase> <!-- Validate_Post_Titles -->
  <testcase classname="Test.Validate_AccountLink" name="ForgetPasswordFeatureValidation" time="0.0">
    <ignored/>
  </testcase> <!-- ForgetPasswordFeatureValidation -->
  <testcase classname="Test.BaseClass" name="@BeforeSuite setup" time="0.0">
    <ignored/>
  </testcase> <!-- @BeforeSuite setup -->
  <testcase classname="Test.BaseClass" name="@BeforeSuite setup" time="0.0">
    <ignored/>
  </testcase> <!-- @BeforeSuite setup -->
  <testcase classname="Test.Validate_AccountLink" name="CorrectLoginValidation" time="0.0">
    <ignored/>
  </testcase> <!-- CorrectLoginValidation -->
  <testcase classname="Test.BaseClass" name="@AfterSuite tearDown" time="0.0">
    <ignored/>
  </testcase> <!-- @AfterSuite tearDown -->
  <testcase classname="Test.BaseClass" name="@BeforeSuite setup" time="0.0">
    <ignored/>
  </testcase> <!-- @BeforeSuite setup -->
  <testcase classname="Test.BaseClass" name="@AfterSuite tearDown" time="0.0">
    <ignored/>
  </testcase> <!-- @AfterSuite tearDown -->
  <testcase classname="Test.BaseClass" name="@BeforeSuite setup" time="0.0">
    <ignored/>
  </testcase> <!-- @BeforeSuite setup -->
  <testcase classname="Test.BaseClass" name="@AfterSuite tearDown" time="0.0">
    <ignored/>
  </testcase> <!-- @AfterSuite tearDown -->
  <testcase classname="Test.BaseClass" name="@AfterSuite tearDown" time="0.0">
    <ignored/>
  </testcase> <!-- @AfterSuite tearDown -->
  <testcase classname="Test.BaseClass" name="@AfterSuite tearDown" time="0.0">
    <ignored/>
  </testcase> <!-- @AfterSuite tearDown -->
  <testcase classname="Test.BaseClass" name="@BeforeSuite setup" time="0.0">
    <ignored/>
  </testcase> <!-- @BeforeSuite setup -->
  <testcase classname="Test.Validate_AccountLink" name="WrongLoginValidation" time="0.0">
    <ignored/>
  </testcase> <!-- WrongLoginValidation -->
  <testcase classname="Test.BaseClass" name="@AfterSuite tearDown" time="0.0">
    <ignored/>
  </testcase> <!-- @AfterSuite tearDown -->
  <testcase classname="Test.BaseClass" name="@AfterSuite tearDown" time="0.0">
    <ignored/>
  </testcase> <!-- @AfterSuite tearDown -->
</testsuite> <!-- Testing Homepage Nav Links -->
